[2024-11-23 03:39:23+00:00] INFO: Installer API request received {"method":"GET","endpoint":"checkApi"} 
nsions"} 
[2024-11-23 03:39:23+00:00] NOTICE: Compared PHP version {"installed":"8.1.10","needed":"8.0.2"} 
[2024-11-23 03:39:23+00:00] NOTICE: PHP version requirement met.  

[2024-11-23 03:39:23+00:00] NOTICE: Checking PHP "json" extension  
[2024-11-23 03:39:23+00:00] NOTICE: Checking PHP "pdo" extension  
[2024-11-23 03:39:23+00:00] NOTICE: Checking PHP "zip" extension  
[2024-11-23 03:39:23+00:00] INFO: Winter API request {"method":"GET","uri":"ping"} 
[2024-11-23 03:39:23+00:00] NOTICE: Checking PHP "fileinfo" extension  
[2024-11-23 03:39:23+00:00] NOTICE: Checking PHP "openssl" extension  
[2024-11-23 03:39:23+00:00] NOTICE: Checking PHP "gd" extension  
[2024-11-23 03:39:23+00:00] NOTICE: Checking PHP "filter" extension  
[2024-11-23 03:39:23+00:00] NOTICE: Checking PHP "hash" extension  
[2024-11-23 03:39:23+00:00] NOTICE: Checking PHP "dom" extension  
[2024-11-23 03:39:23+00:00] NOTICE: Required PHP extensions are installed.  
[2024-11-23 03:39:24+00:00] NOTICE: Response received from Winter CMS API {"response":"pong"} 
[2024-11-23 03:39:24+00:00] NOTICE: Winter CMS API connection successful.  
[2024-11-23 03:40:23+00:00] INFO: Installer API request received {"method":"POST","endpoint":"checkDatabase"} 
[2024-11-23 03:40:23+00:00] INFO: Installer API request received {"method":"GET","endpoint":"checkWriteAccess"} 
[2024-11-23 03:40:23+00:00] NOTICE: Check database connection  
[2024-11-23 03:40:23+00:00] NOTICE: Current working directory is writable.  
[2024-11-23 03:40:25+00:00] NOTICE: Found 28 table(s) {"tables":"backend_access_log, backend_user_groups, backend_user_preferences, backend_user_roles, backend_user_throttle, backend_users, backend_users_groups, cache, cms_theme_data, cms_theme_logs, cms_theme_templates, deferred_bindings, failed_jobs, job_batches, jobs, migrations, sessions, system_event_logs, system_files, system_mail_layouts, system_mail_partials, system_mail_templates, system_parameters, system_plugin_history, system_plugin_versions, system_request_logs, system_revisions, system_settings"} 
[2024-11-23 03:40:25+00:00] ERROR: Database is not empty. {"code":500,"exception":null} 
[2024-11-23 03:40:30+00:00] INFO: Installer API request received {"method":"GET","endpoint":"checkWriteAccess"} 
[2024-11-23 03:40:30+00:00] NOTICE: Current working directory is writable.  
[2024-11-23 03:40:30+00:00] INFO: Installer API request received {"method":"POST","endpoint":"checkDatabase"} 
[2024-11-23 03:40:30+00:00] NOTICE: Check database connection  
[2024-11-23 03:40:30+00:00] NOTICE: Found 28 table(s) {"tables":"backend_access_log, backend_user_groups, backend_user_preferences, backend_user_roles, backend_user_throttle, backend_users, backend_users_groups, cache, cms_theme_data, cms_theme_logs, cms_theme_templates, deferred_bindings, failed_jobs, job_batches, jobs, migrations, sessions, system_event_logs, system_files, system_mail_layouts, system_mail_partials, system_mail_templates, system_parameters, system_plugin_history, system_plugin_versions, system_request_logs, system_revisions, system_settings"} 
[2024-11-23 03:40:30+00:00] ERROR: Database is not empty. {"code":500,"exception":null} 
[2024-11-23 03:40:38+00:00] INFO: Installer API request received {"method":"GET","endpoint":"checkWriteAccess"} 
[2024-11-23 03:40:38+00:00] NOTICE: Current working directory is writable.  
[2024-11-23 03:40:38+00:00] INFO: Installer API request received {"method":"POST","endpoint":"checkDatabase"} 
[2024-11-23 03:40:38+00:00] NOTICE: Check database connection  
[2024-11-23 03:40:38+00:00] ERROR: Database could not be connected to. {"code":500,"exception":"SQLSTATE[HY000] [1049] Unknown database 'test1'"} 
[2024-11-23 03:40:39+00:00] INFO: Installer API request received {"method":"POST","endpoint":"checkDatabase"} 
[2024-11-23 03:40:39+00:00] NOTICE: Check database connection  
[2024-11-23 03:40:39+00:00] INFO: Installer API request received {"method":"GET","endpoint":"checkWriteAccess"} 
[2024-11-23 03:40:39+00:00] NOTICE: Current working directory is writable.  
[2024-11-23 03:40:39+00:00] ERROR: Database could not be connected to. {"code":500,"exception":"SQLSTATE[HY000] [1049] Unknown database 'test1'"} 
[2024-11-23 03:40:40+00:00] INFO: Installer API request received {"method":"GET","endpoint":"checkWriteAccess"} 
[2024-11-23 03:40:40+00:00] NOTICE: Current working directory is writable.  
[2024-11-23 03:40:40+00:00] INFO: Installer API request received {"method":"POST","endpoint":"checkDatabase"} 
[2024-11-23 03:40:40+00:00] NOTICE: Check database connection  
[2024-11-23 03:40:40+00:00] ERROR: Database could not be connected to. {"code":500,"exception":"SQLSTATE[HY000] [1049] Unknown database 'test1'"} 
[2024-11-23 03:40:45+00:00] INFO: Installer API request received {"method":"POST","endpoint":"checkDatabase"} 
[2024-11-23 03:40:45+00:00] NOTICE: Check database connection  
[2024-11-23 03:40:45+00:00] INFO: Installer API request received {"method":"GET","endpoint":"checkWriteAccess"} 
[2024-11-23 03:40:45+00:00] NOTICE: Current working directory is writable.  
[2024-11-23 03:40:46+00:00] ERROR: Database could not be connected to. {"code":500,"exception":"SQLSTATE[HY000] [1049] Unknown database 'test2'"} 
[2024-11-23 03:40:46+00:00] INFO: Installer API request received {"method":"GET","endpoint":"checkWriteAccess"} 
[2024-11-23 03:40:46+00:00] NOTICE: Check database connection  
[2024-11-23 03:40:46+00:00] NOTICE: Current working directory is writable.  
[2024-11-23 03:40:46+00:00] ERROR: Database could not be connected to. {"code":500,"exception":"SQLSTATE[HY000] [1049] Unknown database 'test2'"} 
[2024-11-23 03:40:47+00:00] INFO: Installer API request received {"method":"POST","endpoint":"checkDatabase"} 
[2024-11-23 03:40:47+00:00] NOTICE: Check database connection  
[2024-11-23 03:40:47+00:00] INFO: Installer API request received {"method":"GET","endpoint":"checkWriteAccess"} 
[2024-11-23 03:40:47+00:00] NOTICE: Current working directory is writable.  
[2024-11-23 03:40:47+00:00] ERROR: Database could not be connected to. {"code":500,"exception":"SQLSTATE[HY000] [1049] Unknown database 'test2'"} 
[2024-11-23 03:40:47+00:00] INFO: Installer API request received {"method":"POST","endpoint":"checkDatabase"} 
[2024-11-23 03:40:47+00:00] INFO: Installer API request received {"method":"GET","endpoint":"checkWriteAccess"} 
[2024-11-23 03:40:47+00:00] NOTICE: Current working directory is writable.  
[2024-11-23 03:40:47+00:00] ERROR: Database could not be connected to. {"code":500,"exception":"SQLSTATE[HY000] [1049] Unknown database 'test2'"} 
[2024-11-23 03:40:48+00:00] INFO: Installer API request received {"method":"POST","endpoint":"checkDatabase"} 
[2024-11-23 03:40:48+00:00] INFO: Installer API request received {"method":"GET","endpoint":"checkWriteAccess"} 
[2024-11-23 03:40:48+00:00] NOTICE: Check database connection  
[2024-11-23 03:40:48+00:00] NOTICE: Current working directory is writable.  
[2024-11-23 03:40:48+00:00] ERROR: Database could not be connected to. {"code":500,"exception":"SQLSTATE[HY000] [1049] Unknown database 'test2'"} 
[2024-11-23 03:40:48+00:00] INFO: Installer API request received {"method":"POST","endpoint":"checkDatabase"} 
[2024-11-23 03:40:48+00:00] NOTICE: Check database connection  
[2024-11-23 03:40:48+00:00] INFO: Installer API request received {"method":"GET","endpoint":"checkWriteAccess"} 
[2024-11-23 03:40:48+00:00] NOTICE: Current working directory is writable.  
[2024-11-23 03:40:48+00:00] ERROR: Database could not be connected to. {"code":500,"exception":"SQLSTATE[HY000] [1049] Unknown database 'test2'"} 
[2024-11-23 03:40:49+00:00] INFO: Installer API request received {"method":"POST","endpoint":"checkDatabase"} 
[2024-11-23 03:40:49+00:00] NOTICE: Check database connection  
[2024-11-23 03:40:49+00:00] INFO: Installer API request received {"method":"GET","endpoint":"checkWriteAccess"} 
[2024-11-23 03:40:49+00:00] NOTICE: Current working directory is writable.  
[2024-11-23 03:40:49+00:00] ERROR: Database could not be connected to. {"code":500,"exception":"SQLSTATE[HY000] [1049] Unknown database 'test2'"} 
[2024-11-23 03:40:49+00:00] INFO: Installer API request received {"method":"GET","endpoint":"checkWriteAccess"} 
[2024-11-23 03:40:49+00:00] NOTICE: Current working directory is writable.  
[2024-11-23 03:40:49+00:00] INFO: Installer API request received {"method":"POST","endpoint":"checkDatabase"} 
[2024-11-23 03:40:49+00:00] NOTICE: Check database connection  
[2024-11-23 03:40:49+00:00] ERROR: Database could not be connected to. {"code":500,"exception":"SQLSTATE[HY000] [1049] Unknown database 'test2'"} 
[2024-11-23 03:40:50+00:00] INFO: Installer API request received {"method":"POST","endpoint":"checkDatabase"} 
[2024-11-23 03:40:50+00:00] INFO: Installer API request received {"method":"GET","endpoint":"checkWriteAccess"} 
[2024-11-23 03:40:50+00:00] NOTICE: Check database connection  
[2024-11-23 03:40:50+00:00] NOTICE: Current working directory is writable.  
[2024-11-23 03:40:50+00:00] ERROR: Database could not be connected to. {"code":500,"exception":"SQLSTATE[HY000] [1049] Unknown database 'test2'"} 
[2024-11-23 03:40:50+00:00] INFO: Installer API request received {"method":"POST","endpoint":"checkDatabase"} 
[2024-11-23 03:40:50+00:00] NOTICE: Check database connection  
[2024-11-23 03:40:50+00:00] INFO: Installer API request received {"method":"GET","endpoint":"checkWriteAccess"} 
[2024-11-23 03:40:50+00:00] NOTICE: Current working directory is writable.  
[2024-11-23 03:40:50+00:00] ERROR: Database could not be connected to. {"code":500,"exception":"SQLSTATE[HY000] [1049] Unknown database 'test2'"} 
[2024-11-23 03:40:51+00:00] INFO: Installer API request received {"method":"GET","endpoint":"checkWriteAccess"} 
[2024-11-23 03:40:51+00:00] INFO: Installer API request received {"method":"POST","endpoint":"checkDatabase"} 
[2024-11-23 03:40:51+00:00] NOTICE: Check database connection  
[2024-11-23 03:40:51+00:00] NOTICE: Current working directory is writable.  
[2024-11-23 03:40:51+00:00] ERROR: Database could not be connected to. {"code":500,"exception":"SQLSTATE[HY000] [1049] Unknown database 'test2'"} 
[2024-11-23 03:40:51+00:00] INFO: Installer API request received {"method":"GET","endpoint":"checkWriteAccess"} 
[2024-11-23 03:40:51+00:00] INFO: Installer API request received {"method":"POST","endpoint":"checkDatabase"} 
[2024-11-23 03:40:51+00:00] NOTICE: Check database connection  
[2024-11-23 03:40:51+00:00] NOTICE: Current working directory is writable.  
[2024-11-23 03:40:51+00:00] ERROR: Database could not be connected to. {"code":500,"exception":"SQLSTATE[HY000] [1049] Unknown database 'test2'"} 
[2024-11-23 03:40:52+00:00] INFO: Installer API request received {"method":"POST","endpoint":"checkDatabase"} 
[2024-11-23 03:40:52+00:00] NOTICE: Check database connection  
[2024-11-23 03:40:52+00:00] INFO: Installer API request received {"method":"GET","endpoint":"checkWriteAccess"} 
[2024-11-23 03:40:52+00:00] NOTICE: Current working directory is writable.  
[2024-11-23 03:40:52+00:00] ERROR: Database could not be connected to. {"code":500,"exception":"SQLSTATE[HY000] [1049] Unknown database 'test2'"} 
[2024-11-23 03:40:52+00:00] INFO: Installer API request received {"method":"POST","endpoint":"checkDatabase"} 
[2024-11-23 03:40:52+00:00] NOTICE: Check database connection  
[2024-11-23 03:40:52+00:00] INFO: Installer API request received {"method":"GET","endpoint":"checkWriteAccess"} 
[2024-11-23 03:40:52+00:00] NOTICE: Current working directory is writable.  
[2024-11-23 03:40:52+00:00] ERROR: Database could not be connected to. {"code":500,"exception":"SQLSTATE[HY000] [1049] Unknown database 'test2'"} 
[2024-11-23 03:40:53+00:00] INFO: Installer API request received {"method":"POST","endpoint":"checkDatabase"} 
[2024-11-23 03:40:53+00:00] NOTICE: Check database connection  
[2024-11-23 03:40:53+00:00] INFO: Installer API request received {"method":"GET","endpoint":"checkWriteAccess"} 
[2024-11-23 03:40:53+00:00] NOTICE: Current working directory is writable.  
[2024-11-23 03:40:53+00:00] ERROR: Database could not be connected to. {"code":500,"exception":"SQLSTATE[HY000] [1049] Unknown database 'test2'"} 
[2024-11-23 03:40:53+00:00] INFO: Installer API request received {"method":"POST","endpoint":"checkDatabase"} 
[2024-11-23 03:40:53+00:00] NOTICE: Check database connection  
[2024-11-23 03:40:53+00:00] INFO: Installer API request received {"method":"GET","endpoint":"checkWriteAccess"} 
[2024-11-23 03:40:53+00:00] NOTICE: Current working directory is writable.  
[2024-11-23 03:40:53+00:00] ERROR: Database could not be connected to. {"code":500,"exception":"SQLSTATE[HY000] [1049] Unknown database 'test2'"} 
[2024-11-23 03:40:53+00:00] INFO: Installer API request received {"method":"POST","endpoint":"checkDatabase"} 
[2024-11-23 03:40:53+00:00] NOTICE: Check database connection  
[2024-11-23 03:40:53+00:00] INFO: Installer API request received {"method":"GET","endpoint":"checkWriteAccess"} 
[2024-11-23 03:40:53+00:00] NOTICE: Current working directory is writable.  
[2024-11-23 03:40:53+00:00] ERROR: Database could not be connected to. {"code":500,"exception":"SQLSTATE[HY000] [1049] Unknown database 'test2'"} 
[2024-11-23 03:40:54+00:00] INFO: Installer API request received {"method":"POST","endpoint":"checkDatabase"} 
[2024-11-23 03:40:54+00:00] NOTICE: Check database connection  
[2024-11-23 03:40:54+00:00] INFO: Installer API request received {"method":"GET","endpoint":"checkWriteAccess"} 
[2024-11-23 03:40:54+00:00] NOTICE: Current working directory is writable.  
[2024-11-23 03:40:54+00:00] ERROR: Database could not be connected to. {"code":500,"exception":"SQLSTATE[HY000] [1049] Unknown database 'test2'"} 
[2024-11-23 03:40:54+00:00] INFO: Installer API request received {"method":"POST","endpoint":"checkDatabase"} 
[2024-11-23 03:40:54+00:00] NOTICE: Check database connection  
[2024-11-23 03:40:54+00:00] INFO: Installer API request received {"method":"GET","endpoint":"checkWriteAccess"} 
[2024-11-23 03:40:54+00:00] NOTICE: Current working directory is writable.  
[2024-11-23 03:40:54+00:00] ERROR: Database could not be connected to. {"code":500,"exception":"SQLSTATE[HY000] [1049] Unknown database 'test2'"} 
[2024-11-23 03:40:55+00:00] INFO: Installer API request received {"method":"POST","endpoint":"checkDatabase"} 
[2024-11-23 03:40:55+00:00] NOTICE: Check database connection  
[2024-11-23 03:40:55+00:00] INFO: Installer API request received {"method":"GET","endpoint":"checkWriteAccess"} 
[2024-11-23 03:40:55+00:00] NOTICE: Current working directory is writable.  
[2024-11-23 03:40:55+00:00] ERROR: Database could not be connected to. {"code":500,"exception":"SQLSTATE[HY000] [1049] Unknown database 'test2'"} 
[2024-11-23 03:40:55+00:00] INFO: Installer API request received {"method":"POST","endpoint":"checkDatabase"} 
[2024-11-23 03:40:55+00:00] NOTICE: Check database connection  
[2024-11-23 03:40:55+00:00] INFO: Installer API request received {"method":"GET","endpoint":"checkWriteAccess"} 
[2024-11-23 03:40:55+00:00] NOTICE: Current working directory is writable.  
[2024-11-23 03:40:55+00:00] ERROR: Database could not be connected to. {"code":500,"exception":"SQLSTATE[HY000] [1049] Unknown database 'test2'"} 
[2024-11-23 03:40:55+00:00] INFO: Installer API request received {"method":"POST","endpoint":"checkDatabase"} 
[2024-11-23 03:40:55+00:00] NOTICE: Check database connection  
[2024-11-23 03:40:55+00:00] INFO: Installer API request received {"method":"GET","endpoint":"checkWriteAccess"} 
[2024-11-23 03:40:55+00:00] NOTICE: Current working directory is writable.  
[2024-11-23 03:40:55+00:00] ERROR: Database could not be connected to. {"code":500,"exception":"SQLSTATE[HY000] [1049] Unknown database 'test2'"} 
[2024-11-23 03:41:19+00:00] INFO: Installer API request received {"method":"GET","endpoint":"checkWriteAccess"} 
[2024-11-23 03:41:19+00:00] NOTICE: Check database connection  
[2024-11-23 03:41:19+00:00] NOTICE: Current working directory is writable.  
[2024-11-23 03:41:19+00:00] NOTICE: Found 0 table(s) {"tables":""} 
[2024-11-23 03:41:19+00:00] NOTICE: Database connection established and verified empty  
[2024-11-23 03:41:20+00:00] INFO: Installer API request received {"method":"POST","endpoint":"downloadWinter"} 
[2024-11-23 03:41:20+00:00] NOTICE: Try downloading Winter CMS archive  
[2024-11-23 03:41:20+00:00] NOTICE: Downloading Winter ZIP via cURL {"url":"https://github.com/wintercms/winter/archive/refs/heads/1.2.zip"} 
[2024-11-23 03:41:26+00:00] NOTICE: Winter CMS ZIP file downloaded {"path":"C:\\laragon\\www\\install\\.wintercms\\winter.zip"} 
[2024-11-23 03:41:26+00:00] INFO: Installer API request received {"method":"POST","endpoint":"extractWinter"} 
[2024-11-23 03:41:26+00:00] NOTICE: Begin extracting Winter CMS archive  
[2024-11-23 03:41:56+00:00] NOTICE: Move subfoldered files into position {"subfolder":"winter-1.2/"} 
[2024-11-23 03:41:56+00:00] NOTICE: Remove ZIP subfolder {"subfolder":"winter-1.2/"} 
[2024-11-23 03:41:56+00:00] NOTICE: Make artisan command-line tool executable {"path":"C:\\laragon\\www\\install\\.wintercms\\artisan"} 
[2024-11-23 03:41:56+00:00] NOTICE: Remove Composer Merge plugin from composer.json if found  
[2024-11-23 03:41:56+00:00] NOTICE: Found merge plugin in required packages - removing  
[2024-11-23 03:41:56+00:00] NOTICE: Found merge plugin config in "extra" config definition - removing  
[2024-11-23 03:41:57+00:00] INFO: Installer API request received {"method":"POST","endpoint":"lockDependencies"} 
[2024-11-23 03:41:57+00:00] NOTICE: Create Composer instance  
[2024-11-23 03:41:57+00:00] NOTICE: Set memory limit to 1.5GB  
[2024-11-23 03:41:57+00:00] NOTICE: Set work directory for Composer {"path":"C:\\laragon\\www\\install\\.wintercms"} 
[2024-11-23 03:41:57+00:00] NOTICE: Create home/cache directory for Composer {"path":"C:\\laragon\\www\\install\\.wintercms\\.composer"} 
[2024-11-23 03:41:57+00:00] NOTICE: Set home/cache directory for Composer {"path":"C:\\laragon\\www\\install\\.wintercms\\.composer"} 
[2024-11-23 03:41:57+00:00] NOTICE: Run Composer "update" command - generate only a lockfile  
[2024-11-23 03:42:40+00:00] NOTICE: Locked Composer packages {"numPackages":117,"lockFile":"C:\\laragon\\www\\install\\.wintercms\\composer.lock"} 
[2024-11-23 03:42:40+00:00] INFO: Installer API request received {"method":"POST","endpoint":"installDependencies"} 
[2024-11-23 03:42:40+00:00] NOTICE: Create Composer instance  
[2024-11-23 03:42:40+00:00] NOTICE: Set memory limit to 1.5GB  
[2024-11-23 03:42:40+00:00] NOTICE: Set work directory for Composer {"path":"C:\\laragon\\www\\install\\.wintercms"} 
[2024-11-23 03:42:40+00:00] NOTICE: Set home/cache directory for Composer {"path":"C:\\laragon\\www\\install\\.wintercms\\.composer"} 
[2024-11-23 03:42:40+00:00] NOTICE: Run Composer "install" command - install from lockfile  
[2024-11-23 03:46:05+00:00] NOTICE: Installed Composer packages {"numPackages":117} 
[2024-11-23 03:46:05+00:00] INFO: Installer API request received {"method":"POST","endpoint":"setupConfig"} 
[2024-11-23 03:46:05+00:00] NOTICE: Booting Laravel framework  
[2024-11-23 03:46:05+00:00] NOTICE: Loading autoloader  
[2024-11-23 03:46:06+00:00] NOTICE: Bootstrapping kernel  
[2024-11-23 03:46:06+00:00] NOTICE: Rewriting config {"path":"C:\\laragon\\www\\install\\.wintercms\\config\\app.php"} 
[2024-11-23 03:46:06+00:00] NOTICE: Rewriting config {"path":"C:\\laragon\\www\\install\\.wintercms\\config\\cms.php"} 
[2024-11-23 03:46:06+00:00] NOTICE: Rewriting config {"path":"C:\\laragon\\www\\install\\.wintercms\\config\\database.php"} 
[2024-11-23 03:46:06+00:00] INFO: Installer API request received {"method":"POST","endpoint":"runMigrations"} 
[2024-11-23 03:46:06+00:00] NOTICE: Booting Laravel framework  
[2024-11-23 03:46:06+00:00] NOTICE: Loading autoloader  
[2024-11-23 03:46:07+00:00] NOTICE: Bootstrapping kernel  
[2024-11-23 03:46:07+00:00] NOTICE: Running artisan "config:clear" command  
[2024-11-23 03:46:07+00:00] NOTICE: Command finished. {"output":"\n   INFO  Configuration cache cleared successfully.  \n\r\n"} 
[2024-11-23 03:46:07+00:00] NOTICE: Running database migrations  
[2024-11-23 03:46:11+00:00] NOTICE: Command finished. {"output":"Migrating application and plugins...\r\n\r\n   INFO  Migration table created.  \n\r\n\r\nMigrating System module...\r\n\r\n   INFO  Running migrations.  \n\r\n  2013_10_01_000001_Db_Deferred_Bindings .................................................................. 127ms DONE\r\n  2013_10_01_000002_Db_System_Files ....................................................................... 123ms DONE\r\n  2013_10_01_000003_Db_System_Plugin_Versions .............................................................. 74ms DONE\r\n  2013_10_01_000004_Db_System_Plugin_History .............................................................. 102ms DONE\r\n  2013_10_01_000005_Db_System_Settings ..................................................................... 75ms DONE\r\n  2013_10_01_000006_Db_System_Parameters ................................................................... 75ms DONE\r\n  2013_10_01_000007_Db_System_Add_Disabled_Flag ............................................................ 21ms DONE\r\n  2013_10_01_000008_Db_System_Mail_Templates ............................................................... 72ms DONE\r\n  2013_10_01_000009_Db_System_Mail_Layouts ................................................................. 25ms DONE\r\n  2014_10_01_000010_Db_Jobs ................................................................................ 33ms DONE\r\n  2014_10_01_000011_Db_System_Event_Logs ................................................................... 69ms DONE\r\n  2014_10_01_000012_Db_System_Request_Logs ................................................................. 27ms DONE\r\n  2014_10_01_000013_Db_System_Sessions ..................................................................... 66ms DONE\r\n  2015_10_01_000014_Db_System_Mail_Layout_Rename ............................................................ 8ms DONE\r\n  2015_10_01_000015_Db_System_Add_Frozen_Flag .............................................................. 17ms DONE\r\n  2015_10_01_000016_Db_Cache ............................................................................... 63ms DONE\r\n  2015_10_01_000017_Db_System_Revisions ................................................................... 117ms DONE\r\n  2015_10_01_000018_Db_FailedJobs .......................................................................... 22ms DONE\r\n  2016_10_01_000019_Db_System_Plugin_History_Detail_Text .................................................. 165ms DONE\r\n  2016_10_01_000020_Db_System_Timestamp_Fix ............................................................... 293ms DONE\r\n  2017_08_04_121309_Db_Deferred_Bindings_Add_Index_Session ................................................. 25ms DONE\r\n  2017_10_01_000021_Db_System_Sessions_Update .............................................................. 19ms DONE\r\n  2017_10_01_000022_Db_Jobs_FailedJobs_Update .............................................................. 44ms DONE\r\n  2017_10_01_000023_Db_System_Mail_Partials ................................................................ 20ms DONE\r\n  2017_10_23_000024_Db_System_Mail_Layouts_Add_Options_Field ............................................... 14ms DONE\r\n  2021_10_01_000025_Db_Add_Pivot_Data_To_Deferred_Bindings ................................................. 29ms DONE\r\n  2022_08_06_000026_Db_System_Add_App_Birthday_Date ........................................................ 28ms DONE\r\n  2022_10_14_000027_Db_Jobs_FailedJobs_Update ............................................................. 190ms DONE\r\n  2023_09_24_000028_Db_System_Sessions_Indexes ............................................................. 36ms DONE\r\n  2023_10_20_000029_Db_Jobs_Batches ........................................................................ 68ms DONE\r\n\r\n\r\nMigrating Backend module...\r\n\r\n   INFO  Running migrations.  \n\r\n  2013_10_01_000001_Db_Backend_Users ...................................................................... 154ms DONE\r\n  2013_10_01_000002_Db_Backend_User_Groups ................................................................. 49ms DONE\r\n  2013_10_01_000003_Db_Backend_Users_Groups ................................................................ 59ms DONE\r\n  2013_10_01_000004_Db_Backend_User_Throttle .............................................................. 113ms DONE\r\n  2014_01_04_000005_Db_Backend_User_Preferences ............................................................ 62ms DONE\r\n  2014_10_01_000006_Db_Backend_Access_Log .................................................................. 18ms DONE\r\n  2014_10_01_000007_Db_Backend_Add_Description_Field ....................................................... 30ms DONE\r\n  2015_10_01_000008_Db_Backend_Add_Superuser_Flag .......................................................... 23ms DONE\r\n  2016_10_01_000009_Db_Backend_Timestamp_Fix ............................................................... 80ms DONE\r\n  2017_10_01_000010_Db_Backend_User_Roles .................................................................. 84ms DONE\r\n  2018_12_16_000011_Db_Backend_Add_Deleted_At ............................................................... 2ms DONE\r\n  2023_02_16_000012_Db_Backend_Add_User_Metadata ........................................................... 26ms DONE\r\n  2023_09_09_000013_Db_Backend_Add_Users_Groups_Delete_At .................................................. 15ms DONE\r\n\r\n\r\nMigrating Cms module...\r\n\r\n   INFO  Running migrations.  \n\r\n  2014_10_01_000001_Db_Cms_Theme_Data ...................................................................... 51ms DONE\r\n  2016_10_01_000002_Db_Cms_Timestamp_Fix ................................................................... 28ms DONE\r\n  2017_10_01_000003_Db_Cms_Theme_Logs ...................................................................... 91ms DONE\r\n  2018_11_01_000001_Db_Cms_Theme_Templates ................................................................. 53ms DONE\r\n\r\n\r\nSeeding System module...\r\n\r\n   INFO  Seeded System.  \n\r\n\r\nSeeding Backend module...\r\n\r\n   INFO  Seeded Backend.  \n\r\nMigrating Winter Demo (Winter.Demo) plugin...\r\n\r\n   INFO  Running migrations.  \n\r\n  1.0.1:    First version of Demo ........................................................................... 7ms DONE\r\n\r\n\r\n   INFO  Migration complete.  \n\r\n   INFO  \\Backend\\Database\\Seeds\\DatabaseSeeder reported the following:  \n\r\n    - The following password has been automatically generated for the \"admin\" account: TsIh3SIVVaBtlX7GYqD2Il\r\n\r\n"} 
[2024-11-23 03:46:11+00:00] INFO: Installer API request received {"method":"POST","endpoint":"createAdmin"} 
[2024-11-23 03:46:11+00:00] NOTICE: Booting Laravel framework  
[2024-11-23 03:46:11+00:00] NOTICE: Loading autoloader  
[2024-11-23 03:46:11+00:00] NOTICE: Bootstrapping kernel  
[2024-11-23 03:46:12+00:00] NOTICE: Finding initial admin account  
[2024-11-23 03:46:12+00:00] NOTICE: Changing admin account to details provided in installation  
[2024-11-23 03:46:12+00:00] INFO: Installer API request received {"method":"POST","endpoint":"cleanUp"} 
[2024-11-23 03:46:12+00:00] NOTICE: Removing installation files  
[2024-11-23 03:46:12+00:00] NOTICE: Removing temporary installation folders  
[2024-11-23 03:46:19+00:00] NOTICE: Removing core development files  
[2024-11-23 03:46:19+00:00] NOTICE: Moving files from temporary work directory to final installation path {"workDir":"C:\\laragon\\www\\install\\.wintercms","installDir":"C:\\laragon\\www\\install"} 
[2024-11-23 03:46:19+00:00] NOTICE: Removing work directory  
[2024-11-23 03:46:19+00:00] NOTICE: Installation complete!  
